4/6/2025 下午2:58:29 - 伺服器啟動
4/6/2025 下午3:07:39 - Email 警報，主旨: 【🚨 中級警報】網絡異常
4/6/2025 下午5:13:55 - Email 警報，主旨: 【🔴 高級警報】網絡異常
4/6/2025 下午5:14:19 - [RECOVERY] TM 已恢復正常
4/6/2025 下午5:14:21 - Email 警報，主旨: 【已恢復】TM 已恢復正常
4/6/2025 下午5:21:08 - Email 警報，主旨: 【🔴 高級警報】網絡異常
4/6/2025 下午5:21:30 - [RECOVERY] TM 已恢復正常
4/6/2025 下午5:21:32 - Email 警報，主旨: 【已恢復】TM 已恢復正常
4/6/2025 下午5:30:05 - Email 警報，主旨: 【🚨 中級警報】網絡異常
5/6/2025 上午9:19:58 - 伺服器啟動
5/6/2025 下午12:08:18 - Email 警報，主旨: 【🔴 高級警報】網絡異常
5/6/2025 下午12:08:49 - [RECOVERY] METS 已恢復正常
5/6/2025 下午12:08:51 - Email 警報，主旨: 【已恢復】METS 已恢復正常
5/6/2025 下午3:48:19 - Email 警報，主旨: 【🔴 高級警報】網絡異常
5/6/2025 下午3:50:50 - [RECOVERY] METS 已恢復正常
5/6/2025 下午3:50:54 - Email 警報，主旨: 【已恢復】METS 已恢復正常
5/6/2025 下午4:10:35 - 伺服器啟動
5/6/2025 下午4:14:38 - branches.json 已更新。
5/6/2025 下午4:51:35 - 伺服器啟動
5/6/2025 下午5:09:26 - 伺服器啟動
5/6/2025 下午5:55:40 - 伺服器啟動
5/6/2025 下午6:06:17 - 伺服器啟動
5/6/2025 下午6:11:34 - 伺服器啟動
5/6/2025 下午6:23:33 - 伺服器啟動
5/6/2025 下午6:24:06 - recipients.json 已更新。
5/6/2025 下午6:24:47 - 伺服器啟動
5/6/2025 下午6:29:20 - 伺服器啟動
5/6/2025 下午6:31:45 - branches.json 已更新。
5/6/2025 下午6:31:47 - recipients.json 已更新。
5/6/2025 下午6:31:49 - emailConfig.json 已更新。
6/6/2025 上午11:45:07 - Email 警報，主旨：【警報】網絡異常
6/6/2025 下午1:37:19 - Email 警報，主旨：【警報】網絡異常
7/6/2025 上午10:21:14 - Email 警報，主旨：【警報】網絡異常
7/6/2025 上午10:22:42 - [RECOVERY] MK2 已恢復正常
7/6/2025 上午10:22:44 - Email 警報，主旨：【已恢復】MK2 已恢復正常
7/6/2025 上午11:22:09 - Email 警報，主旨：【警報】網絡異常
7/6/2025 上午11:31:39 - Email 警報，主旨：【警報】網絡異常
7/6/2025 上午11:51:38 - Email 警報，主旨：【警報】網絡異常
7/6/2025 下午12:09:53 - Email 警報，主旨：【警報】網絡異常
7/6/2025 下午12:15:06 - Email 警報，主旨：【警報】網絡異常
7/6/2025 下午12:21:06 - Email 警報，主旨：【警報】網絡異常
7/6/2025 下午12:50:51 - Email 警報，主旨：【警報】網絡異常
7/6/2025 下午2:33:04 - Email 警報，主旨：【警報】網絡異常
7/6/2025 下午2:52:04 - Email 警報，主旨：【警報】網絡異常
7/6/2025 下午3:11:46 - Email 警報，主旨：【警報】網絡異常
8/6/2025 上午6:00:19 - 發送 Email 警報錯誤：Error: connect EHOSTUNREACH 202.134.62.242:25
8/6/2025 上午6:01:31 - [RECOVERY] MK1 已恢復正常
8/6/2025 上午6:01:31 - [RECOVERY] MK2 已恢復正常
8/6/2025 上午6:01:31 - [RECOVERY] ST 已恢復正常
8/6/2025 上午6:01:31 - [RECOVERY] CWB 已恢復正常
8/6/2025 上午6:01:31 - [RECOVERY] TY 已恢復正常
8/6/2025 上午6:01:31 - [RECOVERY] TM 已恢復正常
8/6/2025 上午6:01:31 - [RECOVERY] Macau 已恢復正常
8/6/2025 上午6:01:31 - [RECOVERY] METS 已恢復正常
8/6/2025 上午6:01:37 - [RECOVERY] KT 已恢復正常
8/6/2025 上午6:01:39 - Email 警報，主旨：【已恢復】KT 已恢復正常
8/6/2025 上午6:11:32 - 發送 Email 警報錯誤：Error: Timeout
8/6/2025 上午6:11:32 - 發送 Email 警報錯誤：Error: Timeout
8/6/2025 上午6:11:32 - 發送 Email 警報錯誤：Error: Timeout
8/6/2025 上午6:11:32 - 發送 Email 警報錯誤：Error: Timeout
8/6/2025 上午6:11:32 - 發送 Email 警報錯誤：Error: Timeout
8/6/2025 上午6:11:32 - 發送 Email 警報錯誤：Error: Timeout
8/6/2025 上午6:11:32 - 發送 Email 警報錯誤：Error: Timeout
8/6/2025 上午6:11:32 - 發送 Email 警報錯誤：Error: Timeout
8/6/2025 下午8:21:05 - Email 警報，主旨：【警報】網絡異常
9/6/2025 上午9:12:29 - 伺服器啟動
9/6/2025 上午10:02:03 - [RECOVERY] MK1 已恢復正常
9/6/2025 上午10:02:03 - [RECOVERY] MK2 已恢復正常
9/6/2025 上午10:02:03 - [RECOVERY] ST 已恢復正常
9/6/2025 上午10:02:03 - [RECOVERY] KT 已恢復正常
9/6/2025 上午10:02:03 - [RECOVERY] CWB 已恢復正常
9/6/2025 上午10:02:03 - [RECOVERY] TY 已恢復正常
9/6/2025 上午10:02:03 - [RECOVERY] TM 已恢復正常
9/6/2025 上午10:02:03 - [RECOVERY] Macau 已恢復正常
9/6/2025 上午10:02:03 - [RECOVERY] METS 已恢復正常
9/6/2025 上午10:02:06 - Email 警報，主旨：【已恢復】CWB 已恢復正常
9/6/2025 上午10:02:06 - Email 警報，主旨：【已恢復】MK1 已恢復正常
9/6/2025 上午10:02:06 - Email 警報，主旨：【已恢復】KT 已恢復正常
9/6/2025 上午10:02:07 - Email 警報，主旨：【已恢復】TY 已恢復正常
9/6/2025 上午10:02:07 - Email 警報，主旨：【已恢復】METS 已恢復正常
9/6/2025 上午10:02:09 - Email 警報，主旨：【已恢復】Macau 已恢復正常
9/6/2025 上午10:02:09 - Email 警報，主旨：【已恢復】MK2 已恢復正常
9/6/2025 上午10:02:12 - Email 警報，主旨：【已恢復】TM 已恢復正常
9/6/2025 上午10:02:13 - Email 警報，主旨：【警報】網絡異常
9/6/2025 上午10:02:22 - Email 警報，主旨：【已恢復】ST 已恢復正常
9/6/2025 上午10:23:26 - recipients.json 已更新。
9/6/2025 上午11:38:56 - Email 警報，主旨：【警報】網絡異常
9/6/2025 下午12:39:46 - Email 警報，主旨：【警報】網絡異常
9/6/2025 下午12:41:30 - branches.json 已更新。
9/6/2025 下午2:52:36 - Email 警報，主旨：【警報】網絡異常
9/6/2025 下午4:10:09 - Email 警報，主旨：【警報】網絡異常
9/6/2025 下午4:40:51 - Email 警報，主旨：【警報】網絡異常
9/6/2025 下午4:43:51 - [RECOVERY] MK2 已恢復正常
9/6/2025 下午4:43:55 - Email 警報，主旨：【已恢復】MK2 已恢復正常
9/6/2025 下午4:57:21 - Email 警報，主旨：【警報】網絡異常
9/6/2025 下午5:18:55 - Email 警報，主旨：【警報】網絡異常
9/6/2025 下午5:26:01 - Email 警報，主旨：【警報】網絡異常
11/6/2025 上午10:06:27 - 伺服器啟動
11/6/2025 下午12:25:39 - Email 警報，主旨：【警報】網絡異常
11/6/2025 下午12:25:58 - [RECOVERY] ST 已恢復正常
11/6/2025 下午12:26:00 - Email 警報，主旨：【已恢復】ST 已恢復正常
11/6/2025 下午12:33:11 - Email 警報，主旨：【警報】網絡異常
11/6/2025 下午12:33:31 - [RECOVERY] ST 已恢復正常
11/6/2025 下午12:33:32 - Email 警報，主旨：【已恢復】ST 已恢復正常
11/6/2025 下午2:06:30 - Email 警報，主旨：【警報】網絡異常
11/6/2025 下午3:21:05 - Email 警報，主旨：【警報】網絡異常
12/6/2025 上午8:55:23 - 伺服器啟動
12/6/2025 上午11:26:06 - Email 警報，主旨：【警報】網絡異常
12/6/2025 上午11:26:30 - [RECOVERY] TY 已恢復正常
12/6/2025 上午11:26:32 - Email 警報，主旨：【已恢復】TY 已恢復正常
12/6/2025 下午1:59:20 - Email 警報，主旨：【警報】網絡異常
12/6/2025 下午2:18:53 - Email 警報，主旨：【警報】網絡異常
12/6/2025 下午3:20:32 - Email 警報，主旨：【警報】網絡異常
13/6/2025 上午10:10:55 - Email 警報，主旨：【警報】網絡異常
13/6/2025 上午10:13:12 - [RECOVERY] TY 已恢復正常
13/6/2025 上午10:13:24 - Email 警報，主旨：【已恢復】TY 已恢復正常
13/6/2025 上午11:12:38 - Email 警報，主旨：【警報】網絡異常
13/6/2025 下午1:01:13 - Email 警報，主旨：【警報】網絡異常
13/6/2025 下午2:14:25 - Email 警報，主旨：【警報】網絡異常
13/6/2025 下午6:20:32 - Email 警報，主旨：【警報】網絡異常
15/6/2025 下午4:28:32 - Email 警報，主旨：【警報】網絡異常
16/6/2025 上午11:42:06 - Email 警報，主旨：【警報】網絡異常
16/6/2025 下午12:15:43 - Email 警報，主旨：【警報】網絡異常
16/6/2025 下午12:16:09 - [RECOVERY] TY 已恢復正常
16/6/2025 下午12:16:12 - Email 警報，主旨：【已恢復】TY 已恢復正常
16/6/2025 下午12:23:26 - Email 警報，主旨：【警報】網絡異常
16/6/2025 下午12:36:56 - Email 警報，主旨：【警報】網絡異常
16/6/2025 下午12:37:04 - [RECOVERY] Macau 已恢復正常
16/6/2025 下午12:37:05 - Email 警報，主旨：【已恢復】Macau 已恢復正常
16/6/2025 下午2:07:02 - Email 警報，主旨：【警報】網絡異常
16/6/2025 下午2:07:24 - [RECOVERY] Macau 已恢復正常
16/6/2025 下午2:07:26 - Email 警報，主旨：【已恢復】Macau 已恢復正常
16/6/2025 下午2:07:46 - [RECOVERY] Macau 已恢復正常
16/6/2025 下午2:07:48 - Email 警報，主旨：【已恢復】Macau 已恢復正常
16/6/2025 下午2:17:18 - Email 警報，主旨：【警報】網絡異常
16/6/2025 下午2:24:20 - Email 警報，主旨：【警報】網絡異常
16/6/2025 下午2:48:28 - Email 警報，主旨：【警報】網絡異常
16/6/2025 下午6:09:46 - Email 警報，主旨：【警報】網絡異常
16/6/2025 下午9:35:12 - Email 警報，主旨：【警報】網絡異常
16/6/2025 下午9:37:00 - [RECOVERY] TY 已恢復正常
16/6/2025 下午9:37:02 - Email 警報，主旨：【已恢復】TY 已恢復正常
17/6/2025 上午7:00:16 - Email 警報，主旨：【警報】網絡異常
17/6/2025 上午7:05:26 - Email 警報，主旨：【警報】網絡異常
17/6/2025 上午7:10:36 - Email 警報，主旨：【警報】網絡異常
17/6/2025 上午7:15:46 - Email 警報，主旨：【警報】網絡異常
17/6/2025 上午7:20:56 - Email 警報，主旨：【警報】網絡異常
17/6/2025 上午7:26:06 - Email 警報，主旨：【警報】網絡異常
17/6/2025 上午7:31:16 - Email 警報，主旨：【警報】網絡異常
17/6/2025 上午7:36:26 - Email 警報，主旨：【警報】網絡異常
17/6/2025 上午7:41:37 - Email 警報，主旨：【警報】網絡異常
17/6/2025 上午7:46:47 - Email 警報，主旨：【警報】網絡異常
17/6/2025 上午7:51:57 - Email 警報，主旨：【警報】網絡異常
17/6/2025 上午7:57:07 - Email 警報，主旨：【警報】網絡異常
17/6/2025 上午8:02:17 - Email 警報，主旨：【警報】網絡異常
17/6/2025 上午8:07:27 - Email 警報，主旨：【警報】網絡異常
17/6/2025 上午8:12:37 - Email 警報，主旨：【警報】網絡異常
17/6/2025 上午8:17:47 - Email 警報，主旨：【警報】網絡異常
17/6/2025 上午8:22:57 - Email 警報，主旨：【警報】網絡異常
17/6/2025 上午8:28:07 - Email 警報，主旨：【警報】網絡異常
17/6/2025 上午8:33:17 - Email 警報，主旨：【警報】網絡異常
17/6/2025 上午8:38:27 - Email 警報，主旨：【警報】網絡異常
17/6/2025 上午8:43:37 - Email 警報，主旨：【警報】網絡異常
17/6/2025 上午8:48:49 - Email 警報，主旨：【警報】網絡異常
17/6/2025 上午8:53:59 - Email 警報，主旨：【警報】網絡異常
17/6/2025 上午8:59:09 - Email 警報，主旨：【警報】網絡異常
17/6/2025 上午9:04:31 - Email 警報，主旨：【警報】網絡異常
17/6/2025 上午9:09:41 - Email 警報，主旨：【警報】網絡異常
17/6/2025 上午9:13:39 - 伺服器啟動
17/6/2025 上午9:14:14 - 伺服器啟動
17/6/2025 上午9:14:36 - Email 警報，主旨：【警報】網絡異常
17/6/2025 上午9:19:47 - Email 警報，主旨：【警報】網絡異常
17/6/2025 上午9:23:49 - 伺服器啟動
17/6/2025 上午9:24:15 - Email 警報，主旨：【警報】網絡異常
17/6/2025 上午9:24:24 - Email 警報，主旨：【警報】網絡異常
17/6/2025 上午9:29:38 - Email 警報，主旨：【警報】網絡異常
17/6/2025 上午9:34:50 - Email 警報，主旨：【警報】網絡異常
17/6/2025 上午9:40:05 - Email 警報，主旨：【警報】網絡異常
17/6/2025 上午9:45:16 - Email 警報，主旨：【警報】網絡異常
17/6/2025 上午9:45:16 - Email 警報，主旨：【警報】網絡異常
17/6/2025 上午9:45:16 - Email 警報，主旨：【警報】網絡異常
17/6/2025 上午9:45:17 - Email 警報，主旨：【警報】網絡異常
17/6/2025 上午9:45:17 - Email 警報，主旨：【警報】網絡異常
17/6/2025 上午9:45:19 - Email 警報，主旨：【警報】網絡異常
17/6/2025 上午9:50:22 - Email 警報，主旨：【警報】網絡異常
17/6/2025 上午9:50:22 - Email 警報，主旨：【警報】網絡異常
17/6/2025 上午9:50:22 - Email 警報，主旨：【警報】網絡異常
17/6/2025 上午9:55:35 - Email 警報，主旨：【警報】網絡異常
17/6/2025 上午10:00:48 - Email 警報，主旨：【警報】網絡異常
17/6/2025 上午10:06:01 - Email 警報，主旨：【警報】網絡異常
17/6/2025 上午10:11:11 - Email 警報，主旨：【警報】網絡異常
17/6/2025 上午10:16:23 - Email 警報，主旨：【警報】網絡異常
17/6/2025 上午10:21:33 - Email 警報，主旨：【警報】網絡異常
17/6/2025 上午10:26:45 - Email 警報，主旨：【警報】網絡異常
17/6/2025 上午10:31:55 - Email 警報，主旨：【警報】網絡異常
17/6/2025 上午10:37:05 - Email 警報，主旨：【警報】網絡異常
17/6/2025 上午10:42:16 - Email 警報，主旨：【警報】網絡異常
17/6/2025 上午10:47:26 - Email 警報，主旨：【警報】網絡異常
17/6/2025 上午10:52:36 - Email 警報，主旨：【警報】網絡異常
17/6/2025 上午10:57:48 - Email 警報，主旨：【警報】網絡異常
17/6/2025 上午11:03:18 - Email 警報，主旨：【警報】網絡異常
17/6/2025 上午11:03:18 - Email 警報，主旨：【警報】網絡異常
17/6/2025 上午11:03:18 - Email 警報，主旨：【警報】網絡異常
17/6/2025 上午11:03:19 - Email 警報，主旨：【警報】網絡異常
17/6/2025 上午11:03:20 - Email 警報，主旨：【警報】網絡異常
17/6/2025 上午11:03:31 - Email 警報，主旨：【警報】網絡異常
17/6/2025 上午11:08:40 - Email 警報，主旨：【警報】網絡異常
17/6/2025 上午11:08:40 - Email 警報，主旨：【警報】網絡異常
17/6/2025 上午11:08:40 - Email 警報，主旨：【警報】網絡異常
17/6/2025 上午11:08:41 - Email 警報，主旨：【警報】網絡異常
17/6/2025 上午11:13:44 - Email 警報，主旨：【警報】網絡異常
17/6/2025 上午11:13:44 - Email 警報，主旨：【警報】網絡異常
17/6/2025 上午11:13:44 - Email 警報，主旨：【警報】網絡異常
17/6/2025 上午11:13:49 - Email 警報，主旨：【警報】網絡異常
17/6/2025 上午11:18:51 - Email 警報，主旨：【警報】網絡異常
17/6/2025 上午11:18:51 - Email 警報，主旨：【警報】網絡異常
17/6/2025 上午11:18:51 - Email 警報，主旨：【警報】網絡異常
17/6/2025 上午11:23:58 - Email 警報，主旨：【警報】網絡異常
17/6/2025 上午11:23:58 - Email 警報，主旨：【警報】網絡異常
17/6/2025 上午11:23:58 - Email 警報，主旨：【警報】網絡異常
17/6/2025 上午11:29:04 - Email 警報，主旨：【警報】網絡異常
17/6/2025 上午11:29:04 - Email 警報，主旨：【警報】網絡異常
17/6/2025 上午11:29:04 - Email 警報，主旨：【警報】網絡異常
17/6/2025 上午11:29:05 - Email 警報，主旨：【警報】網絡異常
17/6/2025 上午11:29:06 - Email 警報，主旨：【警報】網絡異常
17/6/2025 上午11:29:07 - Email 警報，主旨：【警報】網絡異常
17/6/2025 上午11:34:13 - Email 警報，主旨：【警報】網絡異常
17/6/2025 上午11:39:40 - Email 警報，主旨：【警報】網絡異常
17/6/2025 上午11:39:41 - Email 警報，主旨：【警報】網絡異常
17/6/2025 上午11:39:42 - Email 警報，主旨：【警報】網絡異常
17/6/2025 上午11:39:44 - Email 警報，主旨：【警報】網絡異常
17/6/2025 上午11:39:45 - Email 警報，主旨：【警報】網絡異常
17/6/2025 上午11:39:58 - Email 警報，主旨：【警報】網絡異常
17/6/2025 上午11:45:04 - Email 警報，主旨：【警報】網絡異常
17/6/2025 上午11:45:11 - Email 警報，主旨：【警報】網絡異常
17/6/2025 上午11:45:19 - Email 警報，主旨：【警報】網絡異常
17/6/2025 上午11:45:19 - Email 警報，主旨：【警報】網絡異常
17/6/2025 上午11:45:20 - Email 警報，主旨：【警報】網絡異常
17/6/2025 上午11:50:36 - Email 警報，主旨：【警報】網絡異常
17/6/2025 上午11:55:47 - Email 警報，主旨：【警報】網絡異常
17/6/2025 下午12:00:57 - Email 警報，主旨：【警報】網絡異常
17/6/2025 下午12:06:18 - Email 警報，主旨：【警報】網絡異常
17/6/2025 下午12:11:27 - Email 警報，主旨：【警報】網絡異常
17/6/2025 下午12:11:27 - Email 警報，主旨：【警報】網絡異常
17/6/2025 下午12:11:27 - Email 警報，主旨：【警報】網絡異常
17/6/2025 下午12:11:28 - Email 警報，主旨：【警報】網絡異常
17/6/2025 下午12:11:28 - Email 警報，主旨：【警報】網絡異常
17/6/2025 下午12:11:33 - Email 警報，主旨：【警報】網絡異常
17/6/2025 下午12:16:47 - Email 警報，主旨：【警報】網絡異常
17/6/2025 下午12:21:57 - Email 警報，主旨：【警報】網絡異常
17/6/2025 下午12:27:22 - Email 警報，主旨：【警報】網絡異常
17/6/2025 下午12:32:32 - Email 警報，主旨：【警報】網絡異常
17/6/2025 下午12:32:32 - Email 警報，主旨：【警報】網絡異常
17/6/2025 下午12:32:32 - Email 警報，主旨：【警報】網絡異常
17/6/2025 下午12:32:33 - Email 警報，主旨：【警報】網絡異常
17/6/2025 下午12:32:33 - Email 警報，主旨：【警報】網絡異常
17/6/2025 下午12:32:43 - Email 警報，主旨：【警報】網絡異常
17/6/2025 下午12:37:47 - Email 警報，主旨：【警報】網絡異常
17/6/2025 下午12:42:57 - Email 警報，主旨：【警報】網絡異常
17/6/2025 下午12:48:07 - Email 警報，主旨：【警報】網絡異常
17/6/2025 下午12:53:17 - Email 警報，主旨：【警報】網絡異常
17/6/2025 下午12:58:27 - Email 警報，主旨：【警報】網絡異常
17/6/2025 下午1:03:38 - Email 警報，主旨：【警報】網絡異常
17/6/2025 下午1:08:48 - Email 警報，主旨：【警報】網絡異常
17/6/2025 下午1:14:00 - Email 警報，主旨：【警報】網絡異常
17/6/2025 下午1:19:10 - Email 警報，主旨：【警報】網絡異常
17/6/2025 下午1:24:20 - Email 警報，主旨：【警報】網絡異常
17/6/2025 下午1:29:30 - Email 警報，主旨：【警報】網絡異常
17/6/2025 下午1:34:40 - Email 警報，主旨：【警報】網絡異常
17/6/2025 下午1:39:50 - Email 警報，主旨：【警報】網絡異常
17/6/2025 下午1:45:00 - Email 警報，主旨：【警報】網絡異常
17/6/2025 下午1:50:11 - Email 警報，主旨：【警報】網絡異常
17/6/2025 下午1:55:21 - Email 警報，主旨：【警報】網絡異常
17/6/2025 下午2:00:31 - Email 警報，主旨：【警報】網絡異常
17/6/2025 下午2:05:43 - Email 警報，主旨：【警報】網絡異常
17/6/2025 下午2:10:53 - Email 警報，主旨：【警報】網絡異常
17/6/2025 下午2:16:03 - Email 警報，主旨：【警報】網絡異常
17/6/2025 下午2:21:13 - Email 警報，主旨：【警報】網絡異常
17/6/2025 下午2:26:23 - Email 警報，主旨：【警報】網絡異常
17/6/2025 下午2:31:33 - Email 警報，主旨：【警報】網絡異常
17/6/2025 下午2:36:43 - Email 警報，主旨：【警報】網絡異常
17/6/2025 下午2:41:53 - Email 警報，主旨：【警報】網絡異常
17/6/2025 下午2:47:09 - Email 警報，主旨：【警報】網絡異常
17/6/2025 下午2:52:18 - Email 警報，主旨：【警報】網絡異常
17/6/2025 下午2:52:18 - Email 警報，主旨：【警報】網絡異常
17/6/2025 下午2:52:18 - Email 警報，主旨：【警報】網絡異常
17/6/2025 下午2:52:18 - Email 警報，主旨：【警報】網絡異常
17/6/2025 下午2:52:18 - Email 警報，主旨：【警報】網絡異常
17/6/2025 下午2:52:22 - Email 警報，主旨：【警報】網絡異常
17/6/2025 下午2:57:26 - Email 警報，主旨：【警報】網絡異常
17/6/2025 下午2:57:26 - Email 警報，主旨：【警報】網絡異常
17/6/2025 下午2:57:27 - Email 警報，主旨：【警報】網絡異常
17/6/2025 下午2:57:27 - Email 警報，主旨：【警報】網絡異常
17/6/2025 下午2:57:29 - Email 警報，主旨：【警報】網絡異常
17/6/2025 下午2:57:35 - Email 警報，主旨：【警報】網絡異常
17/6/2025 下午3:02:37 - Email 警報，主旨：【警報】網絡異常
17/6/2025 下午3:02:37 - Email 警報，主旨：【警報】網絡異常
17/6/2025 下午3:02:37 - Email 警報，主旨：【警報】網絡異常
17/6/2025 下午3:02:37 - Email 警報，主旨：【警報】網絡異常
17/6/2025 下午3:07:41 - Email 警報，主旨：【警報】網絡異常
17/6/2025 下午3:07:41 - Email 警報，主旨：【警報】網絡異常
17/6/2025 下午3:07:41 - Email 警報，主旨：【警報】網絡異常
17/6/2025 下午3:07:42 - Email 警報，主旨：【警報】網絡異常
17/6/2025 下午3:07:42 - Email 警報，主旨：【警報】網絡異常
17/6/2025 下午3:07:44 - Email 警報，主旨：【警報】網絡異常
17/6/2025 下午3:12:50 - Email 警報，主旨：【警報】網絡異常
17/6/2025 下午3:12:50 - Email 警報，主旨：【警報】網絡異常
17/6/2025 下午3:12:51 - Email 警報，主旨：【警報】網絡異常
17/6/2025 下午3:12:51 - Email 警報，主旨：【警報】網絡異常
17/6/2025 下午3:12:52 - Email 警報，主旨：【警報】網絡異常
17/6/2025 下午3:12:52 - Email 警報，主旨：【警報】網絡異常
17/6/2025 下午3:17:56 - Email 警報，主旨：【警報】網絡異常
17/6/2025 下午3:17:56 - Email 警報，主旨：【警報】網絡異常
17/6/2025 下午3:17:57 - Email 警報，主旨：【警報】網絡異常
17/6/2025 下午3:17:57 - Email 警報，主旨：【警報】網絡異常
17/6/2025 下午3:17:58 - Email 警報，主旨：【警報】網絡異常
17/6/2025 下午3:17:58 - Email 警報，主旨：【警報】網絡異常
17/6/2025 下午3:23:03 - Email 警報，主旨：【警報】網絡異常
17/6/2025 下午3:23:03 - Email 警報，主旨：【警報】網絡異常
17/6/2025 下午3:23:04 - Email 警報，主旨：【警報】網絡異常
17/6/2025 下午3:23:04 - Email 警報，主旨：【警報】網絡異常
17/6/2025 下午3:23:05 - Email 警報，主旨：【警報】網絡異常
17/6/2025 下午3:23:05 - Email 警報，主旨：【警報】網絡異常
17/6/2025 下午3:28:10 - Email 警報，主旨：【警報】網絡異常
17/6/2025 下午3:28:10 - Email 警報，主旨：【警報】網絡異常
17/6/2025 下午3:28:11 - Email 警報，主旨：【警報】網絡異常
17/6/2025 下午3:28:12 - Email 警報，主旨：【警報】網絡異常
17/6/2025 下午3:28:12 - Email 警報，主旨：【警報】網絡異常
17/6/2025 下午3:28:27 - Email 警報，主旨：【警報】網絡異常
17/6/2025 下午3:33:32 - Email 警報，主旨：【警報】網絡異常
17/6/2025 下午3:33:32 - Email 警報，主旨：【警報】網絡異常
17/6/2025 下午3:33:32 - Email 警報，主旨：【警報】網絡異常
17/6/2025 下午3:33:32 - Email 警報，主旨：【警報】網絡異常
17/6/2025 下午3:33:33 - Email 警報，主旨：【警報】網絡異常
17/6/2025 下午3:33:33 - Email 警報，主旨：【警報】網絡異常
17/6/2025 下午3:38:47 - Email 警報，主旨：【警報】網絡異常
17/6/2025 下午3:38:47 - Email 警報，主旨：【警報】網絡異常
17/6/2025 下午3:38:47 - Email 警報，主旨：【警報】網絡異常
17/6/2025 下午3:38:47 - Email 警報，主旨：【警報】網絡異常
17/6/2025 下午3:38:48 - Email 警報，主旨：【警報】網絡異常
17/6/2025 下午3:38:48 - Email 警報，主旨：【警報】網絡異常
17/6/2025 下午3:43:59 - Email 警報，主旨：【警報】網絡異常
17/6/2025 下午3:43:59 - Email 警報，主旨：【警報】網絡異常
17/6/2025 下午3:43:59 - Email 警報，主旨：【警報】網絡異常
17/6/2025 下午3:44:00 - Email 警報，主旨：【警報】網絡異常
17/6/2025 下午3:44:00 - Email 警報，主旨：【警報】網絡異常
17/6/2025 下午3:44:08 - Email 警報，主旨：【警報】網絡異常
17/6/2025 下午3:49:20 - Email 警報，主旨：【警報】網絡異常
17/6/2025 下午3:49:20 - Email 警報，主旨：【警報】網絡異常
17/6/2025 下午3:49:20 - Email 警報，主旨：【警報】網絡異常
17/6/2025 下午3:49:21 - Email 警報，主旨：【警報】網絡異常
17/6/2025 下午3:49:21 - Email 警報，主旨：【警報】網絡異常
17/6/2025 下午3:49:23 - Email 警報，主旨：【警報】網絡異常
17/6/2025 下午3:54:26 - Email 警報，主旨：【警報】網絡異常
17/6/2025 下午3:54:26 - Email 警報，主旨：【警報】網絡異常
17/6/2025 下午3:54:27 - Email 警報，主旨：【警報】網絡異常
17/6/2025 下午3:54:27 - Email 警報，主旨：【警報】網絡異常
17/6/2025 下午3:54:27 - Email 警報，主旨：【警報】網絡異常
17/6/2025 下午3:54:28 - Email 警報，主旨：【警報】網絡異常
17/6/2025 下午3:59:33 - Email 警報，主旨：【警報】網絡異常
17/6/2025 下午3:59:33 - Email 警報，主旨：【警報】網絡異常
17/6/2025 下午3:59:34 - Email 警報，主旨：【警報】網絡異常
17/6/2025 下午3:59:34 - Email 警報，主旨：【警報】網絡異常
17/6/2025 下午3:59:34 - Email 警報，主旨：【警報】網絡異常
17/6/2025 下午3:59:34 - Email 警報，主旨：【警報】網絡異常
17/6/2025 下午4:04:54 - Email 警報，主旨：【警報】網絡異常
17/6/2025 下午4:04:55 - Email 警報，主旨：【警報】網絡異常
17/6/2025 下午4:04:56 - Email 警報，主旨：【警報】網絡異常
17/6/2025 下午4:04:57 - Email 警報，主旨：【警報】網絡異常
17/6/2025 下午4:05:06 - Email 警報，主旨：【警報】網絡異常
17/6/2025 下午4:05:18 - Email 警報，主旨：【警報】網絡異常
17/6/2025 下午4:10:20 - Email 警報，主旨：【警報】網絡異常
17/6/2025 下午4:10:21 - Email 警報，主旨：【警報】網絡異常
17/6/2025 下午4:15:26 - Email 警報，主旨：【警報】網絡異常
17/6/2025 下午4:20:36 - Email 警報，主旨：【警報】網絡異常
17/6/2025 下午4:25:14 - [RECOVERY] MK1 已恢復正常
17/6/2025 下午4:25:16 - Email 警報，主旨：【已恢復】MK1 已恢復正常
17/6/2025 下午5:18:56 - Email 警報，主旨：【警報】網絡異常
17/6/2025 下午5:37:32 - Email 警報，主旨：【警報】網絡異常
17/6/2025 下午5:46:03 - Email 警報，主旨：【警報】網絡異常
17/6/2025 下午6:29:48 - Email 警報，主旨：【警報】網絡異常
17/6/2025 下午6:36:52 - Email 警報，主旨：【警報】網絡異常
17/6/2025 下午6:50:14 - Email 警報，主旨：【警報】網絡異常
17/6/2025 下午6:57:53 - Email 警報，主旨：【警報】網絡異常
17/6/2025 下午7:04:04 - Email 警報，主旨：【警報】網絡異常
17/6/2025 下午7:34:17 - Email 警報，主旨：【警報】網絡異常
18/6/2025 下午12:13:45 - Email 警報，主旨：【警報】網絡異常
18/6/2025 下午12:14:19 - [RECOVERY] TY 已恢復正常
18/6/2025 下午12:14:40 - Email 警報，主旨：【已恢復】TY 已恢復正常
18/6/2025 下午5:52:16 - Email 警報，主旨：【警報】網絡異常
19/6/2025 下午1:03:33 - Email 警報，主旨：【警報】網絡異常
19/6/2025 下午1:23:02 - Email 警報，主旨：【警報】網絡異常
19/6/2025 下午5:17:50 - Email 警報，主旨：【警報】網絡異常
20/6/2025 上午10:38:47 - 伺服器啟動
20/6/2025 上午10:52:31 - 伺服器啟動
20/6/2025 上午10:56:59 - 伺服器啟動
20/6/2025 上午11:54:13 - 伺服器啟動
20/6/2025 下午12:25:55 - 伺服器啟動
20/6/2025 下午12:28:49 - Email 警報，主旨：【警報】網絡異常
20/6/2025 下午12:43:03 - 伺服器啟動
20/6/2025 下午12:52:10 - 伺服器啟動
20/6/2025 下午2:18:05 - 伺服器啟動
20/6/2025 下午2:19:26 - 伺服器啟動
20/6/2025 下午2:20:03 - 伺服器啟動
20/6/2025 下午2:37:27 - 伺服器啟動
20/6/2025 下午2:39:19 - 伺服器啟動
20/6/2025 下午2:41:38 - 伺服器啟動
23/6/2025 上午8:12:26 - Email 警報錯誤：Message failed: 550 5.7.1 Client does not have permissions to send as this sender (using messageid: bc9b85ec-4fc6-11f0-b4dc-00900b62f012)
23/6/2025 上午8:56:02 - recipients.json 已更新。
23/6/2025 上午8:56:06 - emailConfig.json 已更新。
23/6/2025 上午8:56:15 - emailConfig.json 已更新。
23/6/2025 上午8:56:39 - emailConfig.json 已更新。
23/6/2025 上午9:17:54 - 伺服器啟動
23/6/2025 上午9:19:50 - emailConfig.json 已更新。
23/6/2025 上午9:20:50 - Test。
23/6/2025 下午1:03:29 - 伺服器啟動
24/6/2025 下午4:33:13 - [RECOVERY] TY 已恢復正常
25/6/2025 上午11:47:10 - Email 警報，主旨：【測試】Recipients 測試郵件
25/6/2025 上午11:51:37 - Email 警報，主旨：【警報】網絡異常
25/6/2025 下午12:30:12 - branches.json 已更新。
25/6/2025 下午12:30:14 - recipients.json 已更新。
25/6/2025 下午12:30:16 - emailConfig.json 已更新。
25/6/2025 下午12:37:24 - 伺服器啟動
25/6/2025 下午3:55:17 - 伺服器啟動
25/6/2025 下午5:09:51 - 伺服器啟動
25/6/2025 下午5:18:53 - 伺服器啟動
25/6/2025 下午5:42:43 - Email 傳送器已初始化
25/6/2025 下午5:42:43 - Email 警報，主旨：【警報】網絡異常
